[19Aug2024 20:56:37.899] [main/INFO] [cpw.mods.modlauncher.Launcher/MODLAUNCHER]: ModLauncher running: args [--launchTarget, forgedatauserdev, --assetIndex, 17, --assetsDir, C:\\Users\\26thh\\.gradle\\caches\\neoformruntime\\assets, --gameDir, ., --fml.neoForgeVersion, 21.0.157, --fml.fmlVersion, 4.0.21, --fml.mcVersion, 1.21, --fml.neoFormVersion, 20240613.152323, --mod, axoltest, --all, --output, C:\\Users\\26thh\\IdeaProjects\\Axol-test_1\\src\\generated\\resources, --existing, C:\\Users\\26thh\\IdeaProjects\\Axol-test_1\\src\\main\\resources]
[19Aug2024 20:56:37.901] [main/INFO] [cpw.mods.modlauncher.Launcher/MODLAUNCHER]: JVM identified as Eclipse Adoptium OpenJDK 64-Bit Server VM 21.0.4+7-LTS
[19Aug2024 20:56:37.902] [main/INFO] [cpw.mods.modlauncher.Launcher/MODLAUNCHER]: ModLauncher 11.0.4+main.d2e20e43 starting: java version 21.0.4 by Eclipse Adoptium; OS Windows 11 arch amd64 version 10.0
[19Aug2024 20:56:38.009] [main/INFO] [net.neoforged.fml.loading.ImmediateWindowHandler/]: ImmediateWindowProvider not loading because launch target is forgedatauserdev
[19Aug2024 20:56:38.060] [main/INFO] [mixin/]: SpongePowered MIXIN Subsystem Version=0.8.6 Source=union:/C:/Users/26thh/.gradle/caches/modules-2/files-2.1/net.fabricmc/sponge-mixin/0.14.0+mixin.0.8.6/c265173c84346e9e5d42a2384b2b02bd39a4a899/sponge-mixin-0.14.0+mixin.0.8.6.jar%23131!/ Service=ModLauncher Env=CLIENT
[19Aug2024 20:56:38.414] [main/INFO] [net.neoforged.fml.loading.moddiscovery.locators.JarInJarDependencyLocator/]: Found 1 dependencies adding them to mods collection
[19Aug2024 20:56:38.609] [main/INFO] [net.neoforged.fml.loading.FMLServiceProvider/CORE]: Loading coremod script-engine for [neoforge]
[19Aug2024 20:56:39.830] [main/INFO] [cpw.mods.modlauncher.LaunchServiceHandler/MODLAUNCHER]: Launching target 'forgedatauserdev' with arguments [--gameDir, ., --assetsDir, C:\Users\26thh\.gradle\caches\neoformruntime\assets, --assetIndex, 17, --mod, axoltest, --all, --output, C:\\Users\\26thh\\IdeaProjects\\Axol-test_1\\src\\generated\\resources, --existing, C:\\Users\\26thh\\IdeaProjects\\Axol-test_1\\src\\main\\resources]
[19Aug2024 20:56:40.271] [main/INFO] [net.neoforged.neoforge.data.loading.DatagenModLoader/]: Initializing Data Gatherer for mods [axoltest]
[19Aug2024 20:56:40.285] [main/INFO] [MixinExtras|Service/]: Initializing MixinExtras via com.llamalad7.mixinextras.service.MixinExtrasServiceImpl(version=0.3.5).
[19Aug2024 20:56:45.333] [modloading-worker-0/INFO] [net.neoforged.neoforge.common.NeoForgeMod/NEOFORGE-MOD]: NeoForge mod loading, version 21.0.157, for MC 1.21
[19Aug2024 20:56:46.066] [main/WARN] [net.minecraft.server.packs.VanillaPackResourcesBuilder/]: Assets URL 'union:/C:/Users/26thh/IdeaProjects/Axol-test_1/build/moddev/artifacts/neoforge-21.0.157-minecraft-merged.jar%23183!/assets/.mcassetsroot' uses unexpected schema
[19Aug2024 20:56:46.073] [main/WARN] [net.minecraft.server.packs.VanillaPackResourcesBuilder/]: Assets URL 'union:/C:/Users/26thh/IdeaProjects/Axol-test_1/build/moddev/artifacts/neoforge-21.0.157-minecraft-merged.jar%23183!/data/.mcassetsroot' uses unexpected schema
[19Aug2024 20:56:46.392] [main/INFO] [net.minecraft.data.DataGenerator/]: Starting provider: Recipes
[19Aug2024 20:56:46.812] [main/INFO] [net.minecraft.data.DataGenerator/]: Recipes finished after 418 ms
[19Aug2024 20:56:46.813] [main/INFO] [net.minecraft.data.DataGenerator/]: Starting provider: Loot Tables
[19Aug2024 20:56:46.839] [main/INFO] [net.minecraft.data.DataGenerator/]: Loot Tables finished after 26 ms
[19Aug2024 20:56:46.839] [main/INFO] [net.minecraft.data.DataGenerator/]: Starting provider: Tags for minecraft:block mod id axoltest
[19Aug2024 20:56:46.847] [main/INFO] [net.minecraft.data.DataGenerator/]: Tags for minecraft:block mod id axoltest finished after 7 ms
[19Aug2024 20:56:46.847] [main/INFO] [net.minecraft.data.DataGenerator/]: Starting provider: Tags for minecraft:item mod id axoltest
[19Aug2024 20:56:46.850] [main/INFO] [net.minecraft.data.DataGenerator/]: Tags for minecraft:item mod id axoltest finished after 2 ms
[19Aug2024 20:56:46.850] [main/INFO] [net.minecraft.data.DataGenerator/]: Starting provider: Item Models: axoltest
[19Aug2024 20:56:46.863] [main/INFO] [net.minecraft.data.DataGenerator/]: Item Models: axoltest finished after 13 ms
[19Aug2024 20:56:46.864] [main/INFO] [net.minecraft.data.DataGenerator/]: Starting provider: Block States: axoltest
